-------------------------------------------------------------------------------
Test set: com.audit.controller.AuditChecklistControllerTests
-------------------------------------------------------------------------------
Tests run: 3, Failures: 1, Errors: 0, Skipped: 0, Time elapsed: 0.116 s <<< FAILURE! - in com.audit.controller.AuditChecklistControllerTests
testHealthCheck  Time elapsed: 0.012 s  <<< FAILURE!
org.opentest4j.AssertionFailedError: expected: <Audit Checklist Microservice is Active> but was: <Audit-Checklist Microservice is Active>
	at com.audit.controller.AuditChecklistControllerTests.testHealthCheck(AuditChecklistControllerTests.java:39)

